<?xml version="1.0" encoding="UTF-8"?>
<!-- Generated by org.testng.reporters.JUnitReportReporter -->
<testsuite hostname="DESKTOP-N1RIKQT" failures="0" tests="2" name="selenium_assignments.Assignment4_1" time="2.637" errors="0" timestamp="2024-07-02T12:10:34 GMT-04:00" skipped="0">
  <testcase classname="selenium_assignments.Assignment4_1" name="print" time="1.511"/>
  <system-out/>
  <testcase classname="selenium_assignments.Assignment4_1" name="print" time="1.126"/>
  <system-out/>
</testsuite> <!-- selenium_assignments.Assignment4_1 -->
